<?xml version="1.0" encoding="UTF-8"?>
<!-- Generated by org.testng.reporters.JUnitReportReporter -->
<testsuite hostname="LAPTOP-KFV0PSKR" failures="0" tests="1" name="testCases.TranslatePageTest" time="10.693" errors="0" timestamp="2021-11-24T19:38:09 IST" skipped="0">
  <testcase classname="testCases.TranslatePageTest" name="test" time="10.693"/>
  <system-out/>
</testsuite> <!-- testCases.TranslatePageTest -->
