<?xml version="1.0" encoding="UTF-8"?>
<!-- Generated by org.testng.reporters.JUnitReportReporter -->
<testsuite hostname="LAPTOP-KFV0PSKR" failures="0" tests="1" name="test.Translate" time="4.112" errors="0" timestamp="2021-11-23T18:25:48 IST" skipped="0">
  <testcase classname="test.Translate" name="test" time="4.112"/>
  <system-out/>
</testsuite> <!-- test.Translate -->
